\BOOKMARK [1][-]{section.1}{Networks}{}% 1
\BOOKMARK [2][-]{subsection.1.1}{DMZ}{section.1}% 2
\BOOKMARK [2][-]{subsection.1.2}{Film/foto}{section.1}% 3
\BOOKMARK [2][-]{subsection.1.3}{HR/ekonomi}{section.1}% 4
\BOOKMARK [2][-]{subsection.1.4}{R`D}{section.1}% 5
\BOOKMARK [2][-]{subsection.1.5}{IT-admin}{section.1}% 6
\BOOKMARK [2][-]{subsection.1.6}{SAN 1}{section.1}% 7
\BOOKMARK [2][-]{subsection.1.7}{SAN 2}{section.1}% 8
\BOOKMARK [1][-]{section.2}{DNS}{}% 9
\BOOKMARK [2][-]{subsection.2.1}{Google}{section.2}% 10
\BOOKMARK [2][-]{subsection.2.2}{Ip Ranges}{section.2}% 11
\BOOKMARK [1][-]{section.3}{Security groups}{}% 12
\BOOKMARK [2][-]{subsection.3.1}{Web}{section.3}% 13
\BOOKMARK [2][-]{subsection.3.2}{SSH}{section.3}% 14
\BOOKMARK [2][-]{subsection.3.3}{AnsibleMaster}{section.3}% 15
\BOOKMARK [2][-]{subsection.3.4}{DatabaseGroup}{section.3}% 16
\BOOKMARK [2][-]{subsection.3.5}{FileserverGroup}{section.3}% 17
\BOOKMARK [1][-]{section.4}{Instances}{}% 18
\BOOKMARK [2][-]{subsection.4.1}{Default ports}{section.4}% 19
\BOOKMARK [2][-]{subsection.4.2}{Web}{section.4}% 20
\BOOKMARK [2][-]{subsection.4.3}{NAS}{section.4}% 21
\BOOKMARK [2][-]{subsection.4.4}{AnsibleMaster}{section.4}% 22
\BOOKMARK [2][-]{subsection.4.5}{VmServer}{section.4}% 23
\BOOKMARK [2][-]{subsection.4.6}{DbServer1}{section.4}% 24
\BOOKMARK [2][-]{subsection.4.7}{FileServer1}{section.4}% 25
\BOOKMARK [2][-]{subsection.4.8}{DbServer2}{section.4}% 26
\BOOKMARK [2][-]{subsection.4.9}{FileServer2}{section.4}% 27
\BOOKMARK [1][-]{section.5}{Docker Services}{}% 28
\BOOKMARK [2][-]{subsection.5.1}{NextCloud}{section.5}% 29
\BOOKMARK [3][-]{subsubsection.5.1.1}{Config}{subsection.5.1}% 30
\BOOKMARK [2][-]{subsection.5.2}{Jitsi}{section.5}% 31
\BOOKMARK [2][-]{subsection.5.3}{Matrix-synapse}{section.5}% 32
\BOOKMARK [1][-]{section.6}{Other Services}{}% 33
\BOOKMARK [1][-]{section.7}{Major changes from order}{}% 34
\BOOKMARK [2][-]{subsection.7.1}{Network}{section.7}% 35
\BOOKMARK [3][-]{subsubsection.7.1.1}{Subnet sizes}{subsection.7.1}% 36
\BOOKMARK [3][-]{subsubsection.7.1.2}{Ip-ranges}{subsection.7.1}% 37
\BOOKMARK [2][-]{subsection.7.2}{Instances}{section.7}% 38
\BOOKMARK [3][-]{subsubsection.7.2.1}{VmServer\(2\)}{subsection.7.2}% 39
\BOOKMARK [3][-]{subsubsection.7.2.2}{AnsibleMaster}{subsection.7.2}% 40
\BOOKMARK [1][-]{section.8}{Terraform}{}% 41
\BOOKMARK [2][-]{subsection.8.1}{Prerequisites}{section.8}% 42
\BOOKMARK [2][-]{subsection.8.2}{Usage}{section.8}% 43
\BOOKMARK [3][-]{subsubsection.8.2.1}{First time}{subsection.8.2}% 44
\BOOKMARK [3][-]{subsubsection.8.2.2}{Build}{subsection.8.2}% 45
\BOOKMARK [3][-]{subsubsection.8.2.3}{Destroy}{subsection.8.2}% 46
\BOOKMARK [2][-]{subsection.8.3}{Future features}{section.8}% 47
\BOOKMARK [3][-]{subsubsection.8.3.1}{Volumes}{subsection.8.3}% 48
\BOOKMARK [3][-]{subsubsection.8.3.2}{VPN}{subsection.8.3}% 49
